
==========Disk Space Report==========

Regression                       	:    15.00  KB ( 0.00%)
designs/Orionpp                  	:     8.00  GB ( 2.16%)
designs/PDM                      	:     9.00  GB ( 2.50%)
designs/STARs                    	:     1.00  GB ( 0.29%)
designs/SimpleTest               	:     4.00  GB ( 1.06%)
designs/Taurus                   	:     2.00  GB ( 0.62%)
designs/Temp                     	:     1.00  GB ( 0.40%)
designs/csh                      	:     3.00  KB ( 0.00%)
ref                              	:     4.00  KB ( 0.00%)
sandbox/TD.ZEBU.PDM_             	:    20.00  GB ( 5.19%)
sandbox/TD.ZEBU.PDM_2            	:    22.00  GB ( 5.53%)
sandbox/TD.ZEBU.PDM_3            	:    30.00  GB ( 7.56%)
sandbox/TD.ZEBU_                 	:    20.00  GB ( 5.18%)
sandbox/TD.ZEBU_2                	:    30.00  GB ( 7.53%)
sandbox/TD.ZEBU_3                	:    29.00  GB ( 7.49%)
sandbox/TD.ZEBU_4                	:    29.00  GB ( 7.49%)
sandbox/ZEBU2017.03.SP1.5.B4.INTC 	:     3.00  GB ( 0.89%)
sandbox/ZEBU2017.03_             	:     3.00  GB ( 0.93%)
sandbox/ZEBU2018.09.B4.INTC_     	:     7.00  GB ( 1.97%)
sandbox/ZEBU2018.09_             	:     8.00  GB ( 2.05%)
sandbox/ZEBU2018.09_2            	:     7.00  GB ( 1.99%)
sandbox/ZEBU2020.03.ORIONPP_     	:    18.00  GB ( 4.74%)
sandbox/ZEBU2020.03.PDM_         	:    27.00  GB ( 6.88%)
sandbox/ZEBU2020.03.ZS5_         	:    18.00  GB ( 4.59%)
sandbox/ZEBU2020.03_             	:    18.00  GB ( 4.53%)
sandbox/ZEBU2020.03_2            	:    26.00  GB ( 6.62%)
temp                             	:     0.00   B ( 0.00%)
test                             	:   141.00  MB ( 0.03%)
tools                            	:    51.00  KB ( 0.00%)
Sum:   352.00  GB (88.23%)
Time: 2020-02-21 02:09:55
